<?xml version="1.0" encoding="UTF-8"?>
<!-- Generated by org.testng.reporters.JUnitXMLReporter -->
<testsuite ignored="0" hostname="DESKTOP-F52NN2U" failures="0" tests="3" name="validating login with 3 different credentials" time="16.906" errors="0" timestamp="30 Jun 2020 20:20:17 GMT">
  <testcase classname="webautomation.Mywebautomationframework.HomePageTest" name="basepagenavigation" time="6.799"/>
  <testcase classname="webautomation.Mywebautomationframework.HomePageTest" name="basepagenavigation" time="1.982"/>
  <testcase classname="webautomation.Mywebautomationframework.HomePageTest" name="basepagenavigation" time="1.871"/>
</testsuite> <!-- validating login with 3 different credentials -->
