<?xml version="1.0" encoding="UTF-8"?>
<!-- Generated by org.testng.reporters.JUnitXMLReporter -->
<testsuite ignored="0" hostname="DESKTOP-F52NN2U" failures="0" tests="4" name="validating login with 3 different credentials" time="17.344" errors="0" timestamp="01 Jul 2020 19:46:48 GMT">
  <testcase classname="webautomation.Mywebautomationframework.HomePageTest" name="basepagenavigation" time="7.265"/>
  <testcase classname="webautomation.Mywebautomationframework.HomePageTest" name="basepagenavigation" time="1.23"/>
  <testcase classname="webautomation.Mywebautomationframework.HomePageTest" name="basepagenavigation" time="1.924"/>
  <testcase classname="webautomation.Mywebautomationframework.HomePageTest" name="forgotpasswordtest" time="0.835"/>
</testsuite> <!-- validating login with 3 different credentials -->
