<?xml version="1.0" encoding="UTF-8"?>
<!-- Generated by org.testng.reporters.JUnitXMLReporter -->
<testsuite hostname="DESKTOP-F52NN2U" failures="0" tests="5" name="Test" time="25.44" errors="0" timestamp="30 Jun 2020 14:25:04 GMT">
  <testcase classname="webautomation.Mywebautomationframework.ValidateMenu" name="basepagenavigation" time="0.114"/>
  <testcase classname="webautomation.Mywebautomationframework.ValidateTitle" name="basepagenavigation" time="0.025"/>
  <testcase classname="webautomation.Mywebautomationframework.HomePageTest" name="basepagenavigation" time="3.463"/>
  <testcase classname="webautomation.Mywebautomationframework.HomePageTest" name="basepagenavigation" time="1.145"/>
  <testcase classname="webautomation.Mywebautomationframework.HomePageTest" name="basepagenavigation" time="2.4"/>
</testsuite> <!-- Test -->
