<?xml version="1.0" encoding="UTF-8"?>
<!-- Generated by org.testng.reporters.JUnitXMLReporter -->
<testsuite hostname="DESKTOP-F52NN2U" failures="0" tests="3" name="validating login with 3 different credentials" time="16.94" errors="0" timestamp="1 Jul 2020 09:36:34 GMT">
  <testcase classname="webautomation.Mywebautomationframework.HomePageTest" name="basepagenavigation" time="7.265"/>
  <testcase classname="webautomation.Mywebautomationframework.HomePageTest" name="basepagenavigation" time="1.196"/>
  <testcase classname="webautomation.Mywebautomationframework.HomePageTest" name="basepagenavigation" time="1.683"/>
</testsuite> <!-- validating login with 3 different credentials -->
