<?xml version="1.0" encoding="UTF-8"?>
<!-- Generated by org.testng.reporters.JUnitXMLReporter -->
<testsuite hostname="DESKTOP-F52NN2U" failures="0" tests="4" name="validating login with 3 different credentials" time="17.393" errors="0" timestamp="2 Jul 2020 13:05:34 GMT">
  <testcase classname="webautomation.Mywebautomationframework.HomePageTest" name="basepagenavigation" time="8.453"/>
  <testcase classname="webautomation.Mywebautomationframework.HomePageTest" name="basepagenavigation" time="1.452"/>
  <testcase classname="webautomation.Mywebautomationframework.HomePageTest" name="basepagenavigation" time="1.439"/>
  <testcase classname="webautomation.Mywebautomationframework.HomePageTest" name="forgotpasswordtest" time="0.887"/>
</testsuite> <!-- validating login with 3 different credentials -->
