<?xml version="1.0" encoding="UTF-8"?>
<testsuite xmlns:xsi="http://www.w3.org/2001/XMLSchema-instance" xsi:noNamespaceSchemaLocation="https://maven.apache.org/surefire/maven-surefire-plugin/xsd/surefire-test-report-3.0.xsd" version="3.0" name="TestSuite" time="604.586" tests="8" errors="0" skipped="2" failures="2">
  <properties>
[...]
</properties>
  <testcase name="validatetitletext" classname="webautomation.Mywebautomationframework.ValidateTitle" time="0.044">
    <failure message="expected [Business Plans Include1] but found [Business Plans Include]" type="java.lang.AssertionError"><![CDATA[java.lang.AssertionError: expected [Business Plans Include1] but found [Business Plans Include]
	at webautomation.Mywebautomationframework.ValidateTitle.validatetitletext(ValidateTitle.java:49)
]]></failure>
    <system-out><![CDATA[chromeheadless
chromeheadless
chromeheadless
2020-07-02 18:35:21 INFO  class:39 - driver is initialized
2020-07-02 18:35:21 INFO  class:39 - driver is initialized
2020-07-02 18:35:21 INFO  class:39 - basepagenavigation Started
2020-07-02 18:35:21 INFO  class:39 - 
2020-07-02 18:35:28 INFO  class:39 - Navigated to url
2020-07-02 18:35:28 INFO  class:39 - validatetitletext Started
2020-07-02 18:35:28 INFO  class:39 - 
]]></system-out>
    <system-err><![CDATA[Starting ChromeDriver 83.0.4103.39 (ccbf011cbS2dt2abrt1i9nbg5 0C6dh8ro4m44e0D0ri4v8e3r8 68133.04.24c12003c.d3-9 r(ecfcsb/fb0r1an1ccbh2-dh2eb1a9dbs/540160d38@4{4#4401064})8 3o8n6 1p3o4rt2 c32500c2d
-rOenflsy/ blroacnaclh -choenandesc/ti4o1n0s3 @a{r#e 4a1l6l}o)wed .on
 Pploerats e3 4s7e0e5 h
tOtnplsy: /l/occhraolm ecdorninveecrt.icohnrosm iaurm.eo ralgl/osewceudr.it
yP-lcoenassied esreaet hitotnps sf:o/r/ cshurgogmeesdtriiovnesr. cohrno mkieuempi.nog rCgh/rsomeecDurriivteyr- csaofnes.
ideCrhartoiomneDsri vfeorr  swuagsg setsatritoends  suocnc eksesefpuillnyg. C
hromeDriver safe.
ChromeDriver was started successfully.
Starting ChromeDriver 83.0.4103.39 (ccbf011cb2d2b19b506d844400483861342c20cd-refs/branch-heads/4103@{#416}) on port 33403
Only local connections are allowed.
Please see https://chromedriver.chromium.org/security-considerations for suggestions on keeping ChromeDriver safe.
ChromeDriver was started successfully.
Jul 02, 2020 6:35:20 PM org.openqa.selenium.remote.ProtocolHandshake createSession
INFO: Detected dialect: W3C
Jul 02, 2020 6:35:20 PM org.openqa.selenium.remote.ProtocolHandshake createSession
INFO: Detected dialect: W3C
]]></system-err>
  </testcase>
  <testcase name="basepagenavigation[abc@test.com, 123456](1)" classname="webautomation.Mywebautomationframework.HomePageTest" time="1.437">
    <system-out><![CDATA[2020-07-02 18:35:29 ERROR class:44 - expected [Business Plans Include1] but found [Business Plans Include]
2020-07-02 18:35:30 INFO  class:39 - successfully validated login with 3 different credentials
]]></system-out>
  </testcase>
  <testcase name="basepagenavigation[def@test.com, 1234](2)" classname="webautomation.Mywebautomationframework.HomePageTest" time="1.451">
    <system-out><![CDATA[2020-07-02 18:35:30 INFO  class:39 - basepagenavigation Passed
2020-07-02 18:35:30 INFO  class:39 - basepagenavigation Started
2020-07-02 18:35:30 INFO  class:39 - 
2020-07-02 18:35:31 INFO  class:39 - successfully validated login with 3 different credentials
]]></system-out>
  </testcase>
  <testcase name="basepagenavigation[ghi@test.com, 1234567](3)" classname="webautomation.Mywebautomationframework.HomePageTest" time="1.443">
    <system-out><![CDATA[2020-07-02 18:35:31 INFO  class:39 - basepagenavigation Passed
2020-07-02 18:35:31 INFO  class:39 - basepagenavigation Started
2020-07-02 18:35:31 INFO  class:39 - 
2020-07-02 18:35:33 INFO  class:39 - successfully validated login with 3 different credentials
]]></system-out>
  </testcase>
  <testcase name="forgotpasswordtest" classname="webautomation.Mywebautomationframework.HomePageTest" time="0.884">
    <system-out><![CDATA[2020-07-02 18:35:33 INFO  class:39 - basepagenavigation Passed
2020-07-02 18:35:33 INFO  class:39 - forgotpasswordtest Started
2020-07-02 18:35:33 INFO  class:39 - 
2020-07-02 18:35:34 INFO  class:39 - successfully validated Forgot password feature
]]></system-out>
  </testcase>
  <testcase name="initialize" classname="webautomation.Mywebautomationframework.ValidateMenu" time="587.437">
    <failure message="session not created&#10;from timeout: Timed out receiving message from renderer: 600.000&#10;  (Session info: headless chrome=83.0.4103.116)&#10;Build info: version: &apos;3.141.59&apos;, revision: &apos;e82be7d358&apos;, time: &apos;2018-11-14T08:17:03&apos;&#10;System info: host: &apos;DESKTOP-F52NN2U&apos;, ip: &apos;192.168.1.6&apos;, os.name: &apos;Windows 10&apos;, os.arch: &apos;amd64&apos;, os.version: &apos;10.0&apos;, java.version: &apos;9.0.4&apos;&#10;Driver info: driver.version: ChromeDriver&#10;remote stacktrace: Backtrace:&#10;	Ordinal0 [0x01279563+2725219]&#10;	Ordinal0 [0x01178551+1672529]&#10;	Ordinal0 [0x01060359+525145]&#10;	Ordinal0 [0x01057A90+490128]&#10;	Ordinal0 [0x01056EFE+487166]&#10;	Ordinal0 [0x01057135+487733]&#10;	Ordinal0 [0x01056B75+486261]&#10;	Ordinal0 [0x0105F055+520277]&#10;	Ordinal0 [0x01056B32+486194]&#10;	Ordinal0 [0x01057739+489273]&#10;	Ordinal0 [0x01056EFE+487166]&#10;	Ordinal0 [0x01057135+487733]&#10;	Ordinal0 [0x01056B75+486261]&#10;	Ordinal0 [0x0105B809+505865]&#10;	Ordinal0 [0x0105B857+505943]&#10;	Ordinal0 [0x01056B32+486194]&#10;	Ordinal0 [0x01057739+489273]&#10;	Ordinal0 [0x01056EFE+487166]&#10;	Ordinal0 [0x01057135+487733]&#10;	Ordinal0 [0x01056B75+486261]&#10;	Ordinal0 [0x0105D83E+514110]&#10;	Ordinal0 [0x01056B32+486194]&#10;	Ordinal0 [0x01057739+489273]&#10;	Ordinal0 [0x01056EFE+487166]&#10;	Ordinal0 [0x01057135+487733]&#10;	Ordinal0 [0x01056B75+486261]&#10;	Ordinal0 [0x0105BBF6+506870]&#10;	Ordinal0 [0x01056B32+486194]&#10;	Ordinal0 [0x01057739+489273]&#10;	Ordinal0 [0x01056EFE+487166]&#10;	Ordinal0 [0x01057135+487733]&#10;	Ordinal0 [0x01056B75+486261]&#10;	Ordinal0 [0x0105B1B7+504247]&#10;	Ordinal0 [0x01056B32+486194]&#10;	Ordinal0 [0x01057739+489273]&#10;	Ordinal0 [0x01056EFE+487166]&#10;	Ordinal0 [0x01057135+487733]&#10;	Ordinal0 [0x01056B75+486261]&#10;	Ordinal0 [0x0105337C+471932]&#10;	Ordinal0 [0x01056B32+486194]&#10;	Ordinal0 [0x01056A87+486023]&#10;	Ordinal0 [0x01060FF0+528368]&#10;	Ordinal0 [0x0100D6C9+186057]&#10;	Ordinal0 [0x0100CA3D+182845]&#10;	Ordinal0 [0x0100A94B+174411]&#10;	Ordinal0 [0x00FF2528+75048]&#10;	Ordinal0 [0x00FF35A0+79264]&#10;	Ordinal0 [0x00FF3539+79161]&#10;	Ordinal0 [0x0118D607+1758727]&#10;	GetHandleVerifier [0x01396546+1050150]&#10;	GetHandleVerifier [0x01396291+1049457]&#10;	GetHandleVerifier [0x013A10D7+1094071]&#10;	GetHandleVerifier [0x01396B46+1051686]&#10;	Ordinal0 [0x01185B06+1727238]&#10;	Ordinal0 [0x0118EB7B+1764219]&#10;	Ordinal0 [0x0118ECE3+1764579]&#10;	Ordinal0 [0x011A4C05+1854469]&#10;	BaseThreadInitThunk [0x740638F4+36]&#10;	RtlUnicodeStringToInteger [0x77305DE3+595]&#10;	RtlUnicodeStringToInteger [0x77305DAE+542]&#10;" type="org.openqa.selenium.SessionNotCreatedException"><![CDATA[org.openqa.selenium.SessionNotCreatedException: 
session not created
from timeout: Timed out receiving message from renderer: 600.000
  (Session info: headless chrome=83.0.4103.116)
Build info: version: '3.141.59', revision: 'e82be7d358', time: '2018-11-14T08:17:03'
System info: host: 'DESKTOP-F52NN2U', ip: '192.168.1.6', os.name: 'Windows 10', os.arch: 'amd64', os.version: '10.0', java.version: '9.0.4'
Driver info: driver.version: ChromeDriver
remote stacktrace: Backtrace:
	Ordinal0 [0x01279563+2725219]
	Ordinal0 [0x01178551+1672529]
	Ordinal0 [0x01060359+525145]
	Ordinal0 [0x01057A90+490128]
	Ordinal0 [0x01056EFE+487166]
	Ordinal0 [0x01057135+487733]
	Ordinal0 [0x01056B75+486261]
	Ordinal0 [0x0105F055+520277]
	Ordinal0 [0x01056B32+486194]
	Ordinal0 [0x01057739+489273]
	Ordinal0 [0x01056EFE+487166]
	Ordinal0 [0x01057135+487733]
	Ordinal0 [0x01056B75+486261]
	Ordinal0 [0x0105B809+505865]
	Ordinal0 [0x0105B857+505943]
	Ordinal0 [0x01056B32+486194]
	Ordinal0 [0x01057739+489273]
	Ordinal0 [0x01056EFE+487166]
	Ordinal0 [0x01057135+487733]
	Ordinal0 [0x01056B75+486261]
	Ordinal0 [0x0105D83E+514110]
	Ordinal0 [0x01056B32+486194]
	Ordinal0 [0x01057739+489273]
	Ordinal0 [0x01056EFE+487166]
	Ordinal0 [0x01057135+487733]
	Ordinal0 [0x01056B75+486261]
	Ordinal0 [0x0105BBF6+506870]
	Ordinal0 [0x01056B32+486194]
	Ordinal0 [0x01057739+489273]
	Ordinal0 [0x01056EFE+487166]
	Ordinal0 [0x01057135+487733]
	Ordinal0 [0x01056B75+486261]
	Ordinal0 [0x0105B1B7+504247]
	Ordinal0 [0x01056B32+486194]
	Ordinal0 [0x01057739+489273]
	Ordinal0 [0x01056EFE+487166]
	Ordinal0 [0x01057135+487733]
	Ordinal0 [0x01056B75+486261]
	Ordinal0 [0x0105337C+471932]
	Ordinal0 [0x01056B32+486194]
	Ordinal0 [0x01056A87+486023]
	Ordinal0 [0x01060FF0+528368]
	Ordinal0 [0x0100D6C9+186057]
	Ordinal0 [0x0100CA3D+182845]
	Ordinal0 [0x0100A94B+174411]
	Ordinal0 [0x00FF2528+75048]
	Ordinal0 [0x00FF35A0+79264]
	Ordinal0 [0x00FF3539+79161]
	Ordinal0 [0x0118D607+1758727]
	GetHandleVerifier [0x01396546+1050150]
	GetHandleVerifier [0x01396291+1049457]
	GetHandleVerifier [0x013A10D7+1094071]
	GetHandleVerifier [0x01396B46+1051686]
	Ordinal0 [0x01185B06+1727238]
	Ordinal0 [0x0118EB7B+1764219]
	Ordinal0 [0x0118ECE3+1764579]
	Ordinal0 [0x011A4C05+1854469]
	BaseThreadInitThunk [0x740638F4+36]
	RtlUnicodeStringToInteger [0x77305DE3+595]
	RtlUnicodeStringToInteger [0x77305DAE+542]

	at webautomation.Mywebautomationframework.ValidateMenu.initialize(ValidateMenu.java:26)
]]></failure>
    <system-out><![CDATA[2020-07-02 18:35:34 INFO  class:39 - forgotpasswordtest Passed
]]></system-out>
    <system-err><![CDATA[[1593695720.550][SEVERE]: Timed out receiving message from renderer: 600.000
]]></system-err>
  </testcase>
  <testcase name="validatemenutext" classname="webautomation.Mywebautomationframework.ValidateMenu" time="0">
    <skipped/>
    <system-out><![CDATA[2020-07-02 18:45:20 INFO  class:39 - validatemenutext Started
2020-07-02 18:45:20 INFO  class:39 - 
]]></system-out>
  </testcase>
  <testcase name="teardown" classname="webautomation.Mywebautomationframework.ValidateMenu" time="0">
    <skipped/>
    <system-out><![CDATA[2020-07-02 18:45:20 INFO  class:39 - Skipped because of - null
]]></system-out>
  </testcase>
</testsuite>